<?xml version="1.0" encoding="UTF-8"?>
<!-- Generated by org.testng.reporters.JUnitReportReporter -->
<testsuite hostname="DESKTOP-670EE7H" name="TestCases.TestAddSubscriberToList" tests="1" failures="0" timestamp="4 Oct 2016 13:31:12 GMT" time="26.135" errors="0">
  <testcase name="Testing" time="26.135" classname="TestCases.TestAddSubscriberToList"/>
</testsuite> <!-- TestCases.TestAddSubscriberToList -->
