<?xml version="1.0" encoding="UTF-8"?>
<!-- Generated by org.testng.reporters.JUnitReportReporter -->
<testsuite hostname="DESKTOP-670EE7H" name="TestCases.Testslogin" tests="1" failures="0" timestamp="4 Oct 2016 12:00:19 GMT" time="25.165" errors="0">
  <testcase name="Testloginsuccesfully" time="25.165" classname="TestCases.Testslogin"/>
</testsuite> <!-- TestCases.Testslogin -->
