<?xml version="1.0" encoding="UTF-8"?>
<!-- Generated by org.testng.reporters.JUnitReportReporter -->
<testsuite hostname="DESKTOP-670EE7H" name="TestCases.TestCreateList" tests="1" failures="0" timestamp="4 Oct 2016 13:55:08 GMT" time="22.866" errors="0">
  <testcase name="Testloginsuccesfully" time="22.866" classname="TestCases.TestCreateList"/>
</testsuite> <!-- TestCases.TestCreateList -->
